<?xml version="1.0" encoding="UTF-8"?>
<!-- Generated by org.testng.reporters.JUnitReportReporter -->
<testsuite hostname="DESKTOP-HT3SPI2" failures="0" tests="1" name="testng.Test0" time="0.022" errors="0" timestamp="2022-10-10T07:03:03 IST" skipped="0">
  <testcase classname="testng.Test0" name="demo" time="0.022"/>
  <system-out>
    <![CDATA[Hello selenium
hello java]]>
  </system-out>
</testsuite> <!-- testng.Test0 -->
