<?xml version="1.0" encoding="UTF-8"?>
<!-- Generated by org.testng.reporters.JUnitReportReporter -->
<testsuite hostname="DESKTOP-HT3SPI2" failures="0" tests="8" name="testng.Test2" time="0.059" errors="0" timestamp="2022-10-08T09:03:10 IST" skipped="0">
  <testcase classname="testng.Test2" name="chats" time="0.004"/>
  <system-out>
    <![CDATA[chats]]>
  </system-out>
  <testcase classname="testng.Test2" name="chats" time="0.021"/>
  <system-out>
    <![CDATA[chats]]>
  </system-out>
  <testcase classname="testng.Test2" name="calls" time="0.007"/>
  <system-out>
    <![CDATA[calls]]>
  </system-out>
  <testcase classname="testng.Test2" name="calls" time="0.003"/>
  <system-out>
    <![CDATA[calls]]>
  </system-out>
  <testcase classname="testng.Test2" name="calls" time="0.004"/>
  <system-out>
    <![CDATA[calls]]>
  </system-out>
  <testcase classname="testng.Test2" name="calls" time="0.004"/>
  <system-out>
    <![CDATA[calls]]>
  </system-out>
  <testcase classname="testng.Test2" name="settings" time="0.010"/>
  <system-out>
    <![CDATA[settings]]>
  </system-out>
  <testcase classname="testng.Test2" name="settings" time="0.006"/>
  <system-out>
    <![CDATA[settings]]>
  </system-out>
</testsuite> <!-- testng.Test2 -->
