<?xml version="1.0" encoding="UTF-8"?>
<!-- Generated by org.testng.reporters.JUnitReportReporter -->
<testsuite hostname="DESKTOP-HT3SPI2" failures="0" tests="3" name="testng.Test1" time="0.016" errors="0" timestamp="2022-10-10T07:03:03 IST" skipped="0">
  <testcase classname="testng.Test1" name="chats" time="0.004"/>
  <system-out>
    <![CDATA[chats]]>
  </system-out>
  <testcase classname="testng.Test1" name="calls" time="0.004"/>
  <system-out>
    <![CDATA[calls]]>
  </system-out>
  <testcase classname="testng.Test1" name="settings" time="0.008"/>
  <system-out>
    <![CDATA[settings]]>
  </system-out>
</testsuite> <!-- testng.Test1 -->
