<?xml version="1.0" encoding="UTF-8"?>
<!-- Generated by org.testng.reporters.JUnitReportReporter -->
<testsuite hostname="DESKTOP-HT3SPI2" failures="0" tests="8" name="testng.Test2_invocationCount" time="0.031" errors="0" timestamp="2022-10-10T07:03:03 IST" skipped="0">
  <testcase classname="testng.Test2_invocationCount" name="chats" time="0.005"/>
  <system-out>
    <![CDATA[chats]]>
  </system-out>
  <testcase classname="testng.Test2_invocationCount" name="chats" time="0.002"/>
  <system-out>
    <![CDATA[chats]]>
  </system-out>
  <testcase classname="testng.Test2_invocationCount" name="calls" time="0.003"/>
  <system-out>
    <![CDATA[calls]]>
  </system-out>
  <testcase classname="testng.Test2_invocationCount" name="calls" time="0.003"/>
  <system-out>
    <![CDATA[calls]]>
  </system-out>
  <testcase classname="testng.Test2_invocationCount" name="calls" time="0.003"/>
  <system-out>
    <![CDATA[calls]]>
  </system-out>
  <testcase classname="testng.Test2_invocationCount" name="calls" time="0.009"/>
  <system-out>
    <![CDATA[calls]]>
  </system-out>
  <testcase classname="testng.Test2_invocationCount" name="settings" time="0.001"/>
  <system-out>
    <![CDATA[settings]]>
  </system-out>
  <testcase classname="testng.Test2_invocationCount" name="settings" time="0.005"/>
  <system-out>
    <![CDATA[settings]]>
  </system-out>
</testsuite> <!-- testng.Test2_invocationCount -->
