<?xml version="1.0" encoding="UTF-8"?>
<!-- Generated by org.testng.reporters.JUnitReportReporter -->
<testsuite hostname="DESKTOP-HT3SPI2" failures="0" tests="3" name="testng.Test5_DataProvider" time="50.977" errors="0" timestamp="2022-10-12T11:22:00 IST" skipped="0">
  <testcase classname="testng.Test5_DataProvider" name="tcl" time="15.803"/>
  <system-out/>
  <testcase classname="testng.Test5_DataProvider" name="tcl" time="20.243"/>
  <system-out/>
  <testcase classname="testng.Test5_DataProvider" name="tcl" time="14.931"/>
  <system-out/>
</testsuite> <!-- testng.Test5_DataProvider -->
