<?xml version="1.0" encoding="UTF-8"?>
<!-- Generated by org.testng.reporters.JUnitReportReporter -->
<testsuite hostname="DESKTOP-HT3SPI2" failures="0" tests="1" name="scripts.TestCase1" time="28.085" errors="0" timestamp="2022-11-01T12:22:40 IST" skipped="0">
  <testcase classname="scripts.TestCase1" name="tC1" time="28.085"/>
  <system-out/>
</testsuite> <!-- scripts.TestCase1 -->
